\BOOKMARK [0][-]{chapter.1}{\376\377\000I\000n\000t\000r\000o\000d\000u\000c\000t\000i\000o\000n}{}% 1
\BOOKMARK [0][-]{chapter.2}{\376\377\000T\000e\000r\000m\000s}{}% 2
\BOOKMARK [0][-]{chapter.3}{\376\377\000C\000o\000d\000i\000n\000g\000\040\000S\000t\000y\000l\000e}{}% 3
\BOOKMARK [0][-]{chapter.4}{\376\377\000C\000o\000n\000t\000r\000a\000c\000t\000\040\000V\000a\000r\000i\000a\000b\000l\000e\000s}{}% 4
\BOOKMARK [1][-]{section.4.1}{\376\377\000o\000w\000n\000e\000r}{chapter.4}% 5
\BOOKMARK [1][-]{section.4.2}{\376\377\000t\000o\000k\000e\000n\000N\000a\000m\000e}{chapter.4}% 6
\BOOKMARK [1][-]{section.4.3}{\376\377\000d\000e\000c\000i\000m\000a\000l\000s}{chapter.4}% 7
\BOOKMARK [1][-]{section.4.4}{\376\377\000i\000n\000i\000t\000i\000a\000l\000S\000u\000p\000p\000l\000y}{chapter.4}% 8
\BOOKMARK [1][-]{section.4.5}{\376\377\000t\000o\000t\000a\000l\000S\000u\000p\000p\000l\000y}{chapter.4}% 9
\BOOKMARK [1][-]{section.4.6}{\376\377\000A\000P\000I\000D\000\137\000c\000o\000u\000n\000t\000e\000r}{chapter.4}% 10
\BOOKMARK [1][-]{section.4.7}{\376\377\000r\000o\000l\000e}{chapter.4}% 11
\BOOKMARK [1][-]{section.4.8}{\376\377\000i\000d\000e\000n\000t\000i\000f\000i\000c\000a\000t\000i\000o\000n}{chapter.4}% 12
\BOOKMARK [1][-]{section.4.9}{\376\377\000A\000P\000I\000D}{chapter.4}% 13
\BOOKMARK [1][-]{section.4.10}{\376\377\000b\000a\000l\000a\000n\000c\000e}{chapter.4}% 14
\BOOKMARK [1][-]{section.4.11}{\376\377\000p\000r\000o\000v\000i\000d\000e\000r\000B\000e\000h\000i\000n\000d}{chapter.4}% 15
\BOOKMARK [1][-]{section.4.12}{\376\377\000n\000u\000m\000b\000e\000r\000O\000f\000U\000s\000e\000r\000s}{chapter.4}% 16
\BOOKMARK [1][-]{section.4.13}{\376\377\000p\000r\000o\000v\000i\000d\000e\000r\000O\000f}{chapter.4}% 17
\BOOKMARK [1][-]{section.4.14}{\376\377\000p\000r\000i\000c\000e\000O\000f}{chapter.4}% 18
\BOOKMARK [1][-]{section.4.15}{\376\377\000u\000s\000a\000g\000e\000O\000f}{chapter.4}% 19
\BOOKMARK [1][-]{section.4.16}{\376\377\000p\000a\000s\000s\000w\000d}{chapter.4}% 20
\BOOKMARK [0][-]{chapter.5}{\376\377\000E\000v\000e\000n\000t}{}% 21
\BOOKMARK [1][-]{section.5.1}{\376\377\000T\000r\000a\000n\000s\000f\000e\000r}{chapter.5}% 22
\BOOKMARK [1][-]{section.5.2}{\376\377\000s\000u\000r}{chapter.5}% 23
\BOOKMARK [0][-]{chapter.6}{\376\377\000I\000n\000t\000e\000r\000n\000a\000l\000\040\000F\000u\000n\000c\000t\000i\000o\000n\000s}{}% 24
\BOOKMARK [1][-]{section.6.1}{\376\377\000\137\000t\000r\000a\000n\000s\000f\000e\000r}{chapter.6}% 25
\BOOKMARK [1][-]{section.6.2}{\376\377\000\137\000s\000u\000r}{chapter.6}% 26
\BOOKMARK [1][-]{section.6.3}{\376\377\000\137\000a\000f\000f\000o\000r\000d\000a\000b\000l\000e\000D\000a\000t\000a}{chapter.6}% 27
\BOOKMARK [1][-]{section.6.4}{\376\377\000\137\000t\000o\000l\000e\000r\000a\000n\000c\000e}{chapter.6}% 28
\BOOKMARK [1][-]{section.6.5}{\376\377\000\137\000c\000a\000s\000h\000i\000e\000r}{chapter.6}% 29
\BOOKMARK [0][-]{chapter.7}{\376\377\000P\000u\000b\000l\000i\000c\000\040\000F\000u\000n\000c\000t\000i\000o\000n\000s}{}% 30
\BOOKMARK [1][-]{section.7.1}{\376\377\000D\000a\000t\000a\000T\000o\000k\000e\000n\000A\000l\000p\000h\000a}{chapter.7}% 31
\BOOKMARK [1][-]{section.7.2}{\376\377\000t\000r\000a\000n\000s\000f\000e\000r}{chapter.7}% 32
\BOOKMARK [1][-]{section.7.3}{\376\377\000b\000u\000y\000T\000o\000k\000e\000n}{chapter.7}% 33
\BOOKMARK [1][-]{section.7.4}{\376\377\000s\000u\000r\000P\000r\000o\000v\000i\000d\000e\000r}{chapter.7}% 34
\BOOKMARK [1][-]{section.7.5}{\376\377\000s\000u\000r\000R\000e\000c\000e\000i\000v\000e\000r}{chapter.7}% 35
\BOOKMARK [1][-]{section.7.6}{\376\377\000l\000i\000n\000k}{chapter.7}% 36
\BOOKMARK [1][-]{section.7.7}{\376\377\000u\000s\000a\000g\000e\000R\000e\000c\000o\000r\000d}{chapter.7}% 37
\BOOKMARK [1][-]{section.7.8}{\376\377\000p\000a\000y\000A\000n\000d\000L\000e\000a\000v\000e}{chapter.7}% 38
