\BOOKMARK [1][-]{section.1}{Introduction}{}% 1
\BOOKMARK [1][-]{section.2}{DataToken Alpha 0.0}{}% 2
\BOOKMARK [1][-]{section.3}{DataToken Alpha 0.1 20171014 Fri}{}% 3
\BOOKMARK [2][-]{subsection.3.1}{Diary 20171016 Mon}{section.3}% 4
\BOOKMARK [2][-]{subsection.3.2}{Diary 20171017 Tue}{section.3}% 5
\BOOKMARK [1][-]{section.4}{DataToken Alpha 0.2 20171110}{}% 6
\BOOKMARK [2][-]{subsection.4.1}{Diary 20171111 Sat}{section.4}% 7
\BOOKMARK [2][-]{subsection.4.2}{Diary 20171114 Tue}{section.4}% 8
\BOOKMARK [2][-]{subsection.4.3}{Diary 20171115}{section.4}% 9
\BOOKMARK [2][-]{subsection.4.4}{Diary 20171116}{section.4}% 10
\BOOKMARK [2][-]{subsection.4.5}{Diary 20171117}{section.4}% 11
\BOOKMARK [2][-]{subsection.4.6}{Diary 20171118}{section.4}% 12
\BOOKMARK [1][-]{section.5}{DataToken Alpha 0.2.2}{}% 13
\BOOKMARK [2][-]{subsection.5.1}{Diary 20171128}{section.5}% 14
\BOOKMARK [2][-]{subsection.5.2}{Diary 20171130}{section.5}% 15
\BOOKMARK [2][-]{subsection.5.3}{Diary 20171201}{section.5}% 16
\BOOKMARK [2][-]{subsection.5.4}{Diary 20171202}{section.5}% 17
\BOOKMARK [2][-]{subsection.5.5}{Diary 20171203}{section.5}% 18
\BOOKMARK [2][-]{subsection.5.6}{Diary 20171204 Redesign of link\(\) Function }{section.5}% 19
\BOOKMARK [2][-]{subsection.5.7}{Diary 20171206 New feature proposal \(Not Implemented\)}{section.5}% 20
\BOOKMARK [2][-]{subsection.5.8}{Diary 20171211 External input to DataToken Contract}{section.5}% 21
\BOOKMARK [2][-]{subsection.5.9}{Diary 20171213}{section.5}% 22
